  [1m[36m (41.4ms)[0m  [1mCREATE TABLE `schema_migrations` (`version` varchar(255) NOT NULL) ENGINE=InnoDB[0m
  [1m[35m (32.4ms)[0m  CREATE UNIQUE INDEX `unique_schema_migrations`  ON `schema_migrations` (`version`) 
  [1m[36mActiveRecord::SchemaMigration Load (0.2ms)[0m  [1mSELECT `schema_migrations`.* FROM `schema_migrations`[0m
Migrating to CreateCompanies (20150802141754)
  [1m[35m (26.2ms)[0m  CREATE TABLE `companies` (`id` int(11) auto_increment PRIMARY KEY, `name` varchar(255), `created_at` datetime NOT NULL, `updated_at` datetime NOT NULL) ENGINE=InnoDB
  [1m[36m (0.2ms)[0m  [1mBEGIN[0m
  [1m[35mSQL (0.2ms)[0m  INSERT INTO `schema_migrations` (`version`) VALUES ('20150802141754')
  [1m[36m (5.8ms)[0m  [1mCOMMIT[0m
Migrating to CreateGroups (20150802141844)
  [1m[35m (22.3ms)[0m  CREATE TABLE `groups` (`id` int(11) auto_increment PRIMARY KEY, `name` varchar(255), `company_id` int(11), `created_at` datetime NOT NULL, `updated_at` datetime NOT NULL,  INDEX `index_groups_on_company_id`  (`company_id`) ) ENGINE=InnoDB
  [1m[36m (27.5ms)[0m  [1mALTER TABLE `groups` ADD CONSTRAINT `fk_rails_7d1e321398`
FOREIGN KEY (`company_id`)
  REFERENCES `companies` (`id`)
[0m
  [1m[35m (0.1ms)[0m  BEGIN
  [1m[36mSQL (0.2ms)[0m  [1mINSERT INTO `schema_migrations` (`version`) VALUES ('20150802141844')[0m
  [1m[35m (1.2ms)[0m  COMMIT
Migrating to CreateEmployees (20150802141931)
  [1m[36m (18.8ms)[0m  [1mCREATE TABLE `employees` (`id` int(11) auto_increment PRIMARY KEY, `name` varchar(255), `group_id` int(11), `created_at` datetime NOT NULL, `updated_at` datetime NOT NULL,  INDEX `index_employees_on_group_id`  (`group_id`) ) ENGINE=InnoDB[0m
  [1m[35m (22.9ms)[0m  ALTER TABLE `employees` ADD CONSTRAINT `fk_rails_975432394f`
FOREIGN KEY (`group_id`)
  REFERENCES `groups` (`id`)

  [1m[36m (0.1ms)[0m  [1mBEGIN[0m
  [1m[35mSQL (0.3ms)[0m  INSERT INTO `schema_migrations` (`version`) VALUES ('20150802141931')
  [1m[36m (1.2ms)[0m  [1mCOMMIT[0m
  [1m[35mActiveRecord::SchemaMigration Load (0.2ms)[0m  SELECT `schema_migrations`.* FROM `schema_migrations`
  [1m[36m (0.7ms)[0m  [1mSELECT fk.referenced_table_name as 'to_table'
      ,fk.referenced_column_name as 'primary_key'
      ,fk.column_name as 'column'
      ,fk.constraint_name as 'name'
FROM information_schema.key_column_usage fk
WHERE fk.referenced_column_name is not null
  AND fk.table_schema = 'gist_sample_rails'
  AND fk.table_name = 'companies'
[0m
  [1m[35m (0.4ms)[0m  SHOW CREATE TABLE `companies`
  [1m[36m (0.5ms)[0m  [1mSELECT fk.referenced_table_name as 'to_table'
      ,fk.referenced_column_name as 'primary_key'
      ,fk.column_name as 'column'
      ,fk.constraint_name as 'name'
FROM information_schema.key_column_usage fk
WHERE fk.referenced_column_name is not null
  AND fk.table_schema = 'gist_sample_rails'
  AND fk.table_name = 'employees'
[0m
  [1m[35m (0.2ms)[0m  SHOW CREATE TABLE `employees`
  [1m[36m (0.3ms)[0m  [1mSELECT fk.referenced_table_name as 'to_table'
      ,fk.referenced_column_name as 'primary_key'
      ,fk.column_name as 'column'
      ,fk.constraint_name as 'name'
FROM information_schema.key_column_usage fk
WHERE fk.referenced_column_name is not null
  AND fk.table_schema = 'gist_sample_rails'
  AND fk.table_name = 'groups'
[0m
  [1m[35m (0.1ms)[0m  SHOW CREATE TABLE `groups`
